[INFO] 23:09:52:474 mi_logger/(4656:4656): VALOR DE CONFIG: valor
[INFO] 23:11:50:296 mi_logger/(4726:4726): VALOR DE CONFIG: valor
[INFO] 23:13:25:640 mi_logger/(4799:4799): VALOR DE CONFIG: valor
[INFO] 23:13:28:124 mi_logger/(4799:4799): hola
[INFO] 23:13:29:395 mi_logger/(4799:4799): que
[INFO] 23:13:30:059 mi_logger/(4799:4799): 
[INFO] 23:13:30:827 mi_logger/(4799:4799): 
[INFO] 23:13:31:604 mi_logger/(4799:4799): 
[INFO] 23:13:31:958 mi_logger/(4799:4799): 
[INFO] 23:13:32:306 mi_logger/(4799:4799): 
[INFO] 23:13:32:612 mi_logger/(4799:4799): 
[INFO] 23:13:32:932 mi_logger/(4799:4799): 
[INFO] 23:14:02:073 mi_logger/(4849:4849): VALOR DE CONFIG: valor
[INFO] 23:14:04:191 mi_logger/(4849:4849): hola
[INFO] 23:14:06:109 mi_logger/(4849:4849): hola
[INFO] 23:15:18:885 mi_logger/(4903:4903): VALOR DE CONFIG: valor
[INFO] 23:15:20:767 mi_logger/(4903:4903): hola
[INFO] 23:15:21:982 mi_logger/(4903:4903): hola
[INFO] 23:20:47:161 mi_logger/(4998:4998): VALOR DE CONFIG: valor
[INFO] 23:20:49:599 mi_logger/(4998:4998): hola
[INFO] 23:21:18:844 mi_logger/(5064:5064): VALOR DE CONFIG: valor
[INFO] 23:21:22:448 mi_logger/(5064:5064): hola
[INFO] 23:21:23:526 mi_logger/(5064:5064): 
[INFO] 23:21:24:373 mi_logger/(5064:5064): 
[INFO] 23:21:24:702 mi_logger/(5064:5064): 
[INFO] 23:21:25:061 mi_logger/(5064:5064): 
[INFO] 23:21:51:200 mi_logger/(5120:5120): VALOR DE CONFIG: valor
[INFO] 23:21:53:789 mi_logger/(5120:5120): hola
[INFO] 23:23:49:999 mi_logger/(5189:5189): VALOR DE CONFIG: valor
[INFO] 23:23:53:130 mi_logger/(5189:5189): hola
[INFO] 23:24:01:379 mi_logger/(5189:5189): h
[INFO] 23:24:09:728 mi_logger/(5189:5189): h
[INFO] 23:25:33:900 mi_logger/(5243:5243): VALOR DE CONFIG: valor
[INFO] 23:25:37:023 mi_logger/(5243:5243): hola
[INFO] 23:27:52:685 mi_logger/(5344:5344): VALOR DE CONFIG: valor
[INFO] 23:27:58:440 mi_logger/(5344:5344): ola
[INFO] 23:29:43:884 mi_logger/(5418:5418): VALOR DE CONFIG: valor
[INFO] 23:29:50:878 mi_logger/(5418:5418): o
[INFO] 23:31:30:184 mi_logger/(5467:5467): VALOR DE CONFIG: valor
[INFO] 23:32:09:346 mi_logger/(5467:5467): hola
[INFO] 23:32:27:663 mi_logger/(5467:5467): hl
[INFO] 23:48:56:243 mi_logger/(6313:6313): VALOR DE CONFIG: valor
[INFO] 23:49:08:992 mi_logger/(5517:5517): VALOR DE CONFIG: valor
[INFO] 23:49:18:013 mi_logger/(5517:5517): hola
[INFO] 23:50:08:045 mi_logger/(6354:6354): VALOR DE CONFIG: valor
[INFO] 23:50:21:413 mi_logger/(6354:6354): hola
